Connecting to database specified by database.yml
Connecting to database specified by database.yml
Connecting to database specified by database.yml
Connecting to database specified by database.yml
Connecting to database specified by database.yml
  [1m[36m (0.1ms)[0m  [1mselect sqlite_version(*)[0m
  [1m[35m (1.4ms)[0m  CREATE TABLE "schema_migrations" ("version" varchar(255) NOT NULL) 
  [1m[36m (0.0ms)[0m  [1mPRAGMA index_list("schema_migrations")[0m
  [1m[35m (1.1ms)[0m  CREATE UNIQUE INDEX "unique_schema_migrations" ON "schema_migrations" ("version")
  [1m[36m (0.1ms)[0m  [1mSELECT "schema_migrations"."version" FROM "schema_migrations" [0m
Migrating to CreateMenus (20120918111618)
  [1m[35m (0.0ms)[0m  begin transaction
  [1m[36m (0.4ms)[0m  [1mCREATE TABLE "menus" ("id" INTEGER PRIMARY KEY AUTOINCREMENT NOT NULL, "name" varchar(255), "price" varchar(255), "created_at" datetime NOT NULL, "updated_at" datetime NOT NULL) [0m
  [1m[35m (0.1ms)[0m  INSERT INTO "schema_migrations" ("version") VALUES ('20120918111618')
  [1m[36m (1.0ms)[0m  [1mcommit transaction[0m
Migrating to CreateShops (20120918111655)
  [1m[35m (0.0ms)[0m  begin transaction
  [1m[36m (0.3ms)[0m  [1mCREATE TABLE "shops" ("id" INTEGER PRIMARY KEY AUTOINCREMENT NOT NULL, "name" varchar(255), "created_at" datetime NOT NULL, "updated_at" datetime NOT NULL) [0m
  [1m[35m (0.1ms)[0m  INSERT INTO "schema_migrations" ("version") VALUES ('20120918111655')
  [1m[36m (1.1ms)[0m  [1mcommit transaction[0m
  [1m[35m (0.3ms)[0m  select sqlite_version(*)
  [1m[36m (0.1ms)[0m  [1mSELECT "schema_migrations"."version" FROM "schema_migrations" [0m
  [1m[35m (0.0ms)[0m  PRAGMA index_list("menus")
  [1m[36m (0.0ms)[0m  [1mPRAGMA index_list("shops")[0m


Started GET "/assets/rails.png" for 127.0.0.1 at 2012-09-18 20:33:43 +0900
Connecting to database specified by database.yml
Served asset /rails.png - 200 OK (7ms)


Started GET "/" for 127.0.0.1 at 2012-09-18 20:34:23 +0900

ActionController::RoutingError (No route matches [GET] "/"):
  actionpack (3.2.7) lib/action_dispatch/middleware/debug_exceptions.rb:21:in `call'
  actionpack (3.2.7) lib/action_dispatch/middleware/show_exceptions.rb:56:in `call'
  railties (3.2.7) lib/rails/rack/logger.rb:26:in `call_app'
  railties (3.2.7) lib/rails/rack/logger.rb:16:in `call'
  actionpack (3.2.7) lib/action_dispatch/middleware/request_id.rb:22:in `call'
  rack (1.4.1) lib/rack/methodoverride.rb:21:in `call'
  rack (1.4.1) lib/rack/runtime.rb:17:in `call'
  activesupport (3.2.7) lib/active_support/cache/strategy/local_cache.rb:72:in `call'
  rack (1.4.1) lib/rack/lock.rb:15:in `call'
  actionpack (3.2.7) lib/action_dispatch/middleware/static.rb:62:in `call'
  railties (3.2.7) lib/rails/engine.rb:479:in `call'
  railties (3.2.7) lib/rails/application.rb:220:in `call'
  rack (1.4.1) lib/rack/content_length.rb:14:in `call'
  railties (3.2.7) lib/rails/rack/log_tailer.rb:17:in `call'
  rack (1.4.1) lib/rack/handler/webrick.rb:59:in `service'
  /Users/hm/.rbenv/versions/1.9.3-p194/lib/ruby/1.9.1/webrick/httpserver.rb:138:in `service'
  /Users/hm/.rbenv/versions/1.9.3-p194/lib/ruby/1.9.1/webrick/httpserver.rb:94:in `run'
  /Users/hm/.rbenv/versions/1.9.3-p194/lib/ruby/1.9.1/webrick/server.rb:191:in `block in start_thread'


  Rendered /Users/hm/.rbenv/versions/1.9.3-p194/lib/ruby/gems/1.9.1/gems/actionpack-3.2.7/lib/action_dispatch/middleware/templates/rescues/routing_error.erb within rescues/layout (2.6ms)


Started GET "/shops" for 127.0.0.1 at 2012-09-18 20:34:29 +0900
Processing by ShopsController#index as HTML
  [1m[36mShop Load (0.1ms)[0m  [1mSELECT "shops".* FROM "shops" [0m
  Rendered shops/index.html.erb within layouts/application (0.9ms)
Compiled menus.css  (8ms)  (pid 6908)
Compiled scaffolds.css  (13ms)  (pid 6908)
Compiled shops.css  (2ms)  (pid 6908)
Compiled application.css  (72ms)  (pid 6908)
Compiled jquery.js  (30ms)  (pid 6908)
Compiled jquery_ujs.js  (1ms)  (pid 6908)
Compiled menus.js  (215ms)  (pid 6908)
Compiled shops.js  (121ms)  (pid 6908)
Compiled application.js  (462ms)  (pid 6908)
Completed 200 OK in 680ms (Views: 653.5ms | ActiveRecord: 2.5ms)


Started GET "/assets/menus.css?body=1" for 127.0.0.1 at 2012-09-18 20:34:30 +0900
Served asset /menus.css - 304 Not Modified (7ms)


Started GET "/assets/shops.css?body=1" for 127.0.0.1 at 2012-09-18 20:34:30 +0900
Served asset /shops.css - 200 OK (1ms)


Started GET "/assets/application.css?body=1" for 127.0.0.1 at 2012-09-18 20:34:30 +0900
Served asset /application.css - 200 OK (5ms)


Started GET "/assets/scaffolds.css?body=1" for 127.0.0.1 at 2012-09-18 20:34:30 +0900
Served asset /scaffolds.css - 304 Not Modified (1ms)


Started GET "/assets/jquery.js?body=1" for 127.0.0.1 at 2012-09-18 20:34:30 +0900
Served asset /jquery.js - 200 OK (3ms)


Started GET "/assets/jquery_ujs.js?body=1" for 127.0.0.1 at 2012-09-18 20:34:30 +0900
Served asset /jquery_ujs.js - 200 OK (3ms)


Started GET "/assets/shops.js?body=1" for 127.0.0.1 at 2012-09-18 20:34:30 +0900
Served asset /shops.js - 304 Not Modified (2ms)


Started GET "/assets/menus.js?body=1" for 127.0.0.1 at 2012-09-18 20:34:30 +0900
Served asset /menus.js - 304 Not Modified (2ms)


Started GET "/assets/application.js?body=1" for 127.0.0.1 at 2012-09-18 20:34:30 +0900
Served asset /application.js - 200 OK (8ms)


Started GET "/shops/new" for 127.0.0.1 at 2012-09-18 20:34:32 +0900
Processing by ShopsController#new as HTML
  Rendered shops/_form.html.erb (12.0ms)
  Rendered shops/new.html.erb within layouts/application (17.6ms)
Completed 200 OK in 28ms (Views: 23.5ms | ActiveRecord: 0.0ms)


Started GET "/assets/menus.css?body=1" for 127.0.0.1 at 2012-09-18 20:34:32 +0900
Served asset /menus.css - 304 Not Modified (0ms)


Started GET "/assets/scaffolds.css?body=1" for 127.0.0.1 at 2012-09-18 20:34:32 +0900
Served asset /scaffolds.css - 304 Not Modified (0ms)


Started GET "/assets/menus.js?body=1" for 127.0.0.1 at 2012-09-18 20:34:32 +0900
Served asset /menus.js - 304 Not Modified (0ms)


Started GET "/assets/shops.js?body=1" for 127.0.0.1 at 2012-09-18 20:34:32 +0900
Served asset /shops.js - 304 Not Modified (0ms)


Started POST "/shops" for 127.0.0.1 at 2012-09-18 20:34:37 +0900
Processing by ShopsController#create as HTML
  Parameters: {"utf8"=>"âœ“", "authenticity_token"=>"WnlAp/vjPWfjmTdl1o659GkIQRbCNg9YGI/g8lyktr4=", "shop"=>{"name"=>"ã¦ã™ã¨"}, "commit"=>"Create Shop"}
  [1m[35m (0.1ms)[0m  begin transaction
  [1m[36mSQL (34.6ms)[0m  [1mINSERT INTO "shops" ("created_at", "name", "updated_at") VALUES (?, ?, ?)[0m  [["created_at", Tue, 18 Sep 2012 11:34:37 UTC +00:00], ["name", "ã¦ã™ã¨"], ["updated_at", Tue, 18 Sep 2012 11:34:37 UTC +00:00]]
  [1m[35m (0.9ms)[0m  commit transaction
Redirected to http://localhost:3000/shops/1
Completed 302 Found in 40ms (ActiveRecord: 35.7ms)


Started GET "/shops/1" for 127.0.0.1 at 2012-09-18 20:34:37 +0900
Processing by ShopsController#show as HTML
  Parameters: {"id"=>"1"}
  [1m[36mShop Load (0.3ms)[0m  [1mSELECT "shops".* FROM "shops" WHERE "shops"."id" = ? LIMIT 1[0m  [["id", "1"]]
  Rendered shops/show.html.erb within layouts/application (1.6ms)
Completed 200 OK in 12ms (Views: 8.4ms | ActiveRecord: 0.3ms)


Started GET "/assets/menus.css?body=1" for 127.0.0.1 at 2012-09-18 20:34:37 +0900
Served asset /menus.css - 304 Not Modified (0ms)


Started GET "/assets/scaffolds.css?body=1" for 127.0.0.1 at 2012-09-18 20:34:37 +0900
Served asset /scaffolds.css - 304 Not Modified (0ms)


Started GET "/assets/menus.js?body=1" for 127.0.0.1 at 2012-09-18 20:34:37 +0900
Served asset /menus.js - 304 Not Modified (0ms)


Started GET "/assets/shops.js?body=1" for 127.0.0.1 at 2012-09-18 20:34:37 +0900
Served asset /shops.js - 304 Not Modified (0ms)


Started GET "/shops/1/menus/new" for 127.0.0.1 at 2012-09-18 20:36:07 +0900

SyntaxError (/Applications/MAMP/htdocs/maman/app/controllers/menus_controller.rb:65: invalid multibyte char (US-ASCII)
/Applications/MAMP/htdocs/maman/app/controllers/menus_controller.rb:65: invalid multibyte char (US-ASCII)
/Applications/MAMP/htdocs/maman/app/controllers/menus_controller.rb:65: syntax error, unexpected $end, expecting keyword_end
    redirect_to @menu, notice: "ãƒ¡ãƒ‹ãƒ¥ãƒ¼ä½œæˆå®Œäº†"
                                  ^):
  activesupport (3.2.7) lib/active_support/dependencies.rb:469:in `load'
  activesupport (3.2.7) lib/active_support/dependencies.rb:469:in `block in load_file'
  activesupport (3.2.7) lib/active_support/dependencies.rb:639:in `new_constants_in'
  activesupport (3.2.7) lib/active_support/dependencies.rb:468:in `load_file'
  activesupport (3.2.7) lib/active_support/dependencies.rb:353:in `require_or_load'
  activesupport (3.2.7) lib/active_support/dependencies.rb:502:in `load_missing_constant'
  activesupport (3.2.7) lib/active_support/dependencies.rb:192:in `block in const_missing'
  activesupport (3.2.7) lib/active_support/dependencies.rb:190:in `each'
  activesupport (3.2.7) lib/active_support/dependencies.rb:190:in `const_missing'
  activesupport (3.2.7) lib/active_support/inflector/methods.rb:230:in `block in constantize'
  activesupport (3.2.7) lib/active_support/inflector/methods.rb:229:in `each'
  activesupport (3.2.7) lib/active_support/inflector/methods.rb:229:in `constantize'
  activesupport (3.2.7) lib/active_support/dependencies.rb:554:in `get'
  actionpack (3.2.7) lib/action_dispatch/routing/route_set.rb:69:in `controller_reference'
  actionpack (3.2.7) lib/action_dispatch/routing/route_set.rb:54:in `controller'
  actionpack (3.2.7) lib/action_dispatch/routing/route_set.rb:32:in `call'
  journey (1.0.4) lib/journey/router.rb:68:in `block in call'
  journey (1.0.4) lib/journey/router.rb:56:in `each'
  journey (1.0.4) lib/journey/router.rb:56:in `call'
  actionpack (3.2.7) lib/action_dispatch/routing/route_set.rb:600:in `call'
  actionpack (3.2.7) lib/action_dispatch/middleware/best_standards_support.rb:17:in `call'
  rack (1.4.1) lib/rack/etag.rb:23:in `call'
  rack (1.4.1) lib/rack/conditionalget.rb:25:in `call'
  actionpack (3.2.7) lib/action_dispatch/middleware/head.rb:14:in `call'
  actionpack (3.2.7) lib/action_dispatch/middleware/params_parser.rb:21:in `call'
  actionpack (3.2.7) lib/action_dispatch/middleware/flash.rb:242:in `call'
  rack (1.4.1) lib/rack/session/abstract/id.rb:205:in `context'
  rack (1.4.1) lib/rack/session/abstract/id.rb:200:in `call'
  actionpack (3.2.7) lib/action_dispatch/middleware/cookies.rb:338:in `call'
  activerecord (3.2.7) lib/active_record/query_cache.rb:64:in `call'
  activerecord (3.2.7) lib/active_record/connection_adapters/abstract/connection_pool.rb:473:in `call'
  actionpack (3.2.7) lib/action_dispatch/middleware/callbacks.rb:28:in `block in call'
  activesupport (3.2.7) lib/active_support/callbacks.rb:405:in `_run__2607987829361390186__call__2001446717702293632__callbacks'
  activesupport (3.2.7) lib/active_support/callbacks.rb:405:in `__run_callback'
  activesupport (3.2.7) lib/active_support/callbacks.rb:385:in `_run_call_callbacks'
  activesupport (3.2.7) lib/active_support/callbacks.rb:81:in `run_callbacks'
  actionpack (3.2.7) lib/action_dispatch/middleware/callbacks.rb:27:in `call'
  actionpack (3.2.7) lib/action_dispatch/middleware/reloader.rb:65:in `call'
  actionpack (3.2.7) lib/action_dispatch/middleware/remote_ip.rb:31:in `call'
  actionpack (3.2.7) lib/action_dispatch/middleware/debug_exceptions.rb:16:in `call'
  actionpack (3.2.7) lib/action_dispatch/middleware/show_exceptions.rb:56:in `call'
  railties (3.2.7) lib/rails/rack/logger.rb:26:in `call_app'
  railties (3.2.7) lib/rails/rack/logger.rb:16:in `call'
  actionpack (3.2.7) lib/action_dispatch/middleware/request_id.rb:22:in `call'
  rack (1.4.1) lib/rack/methodoverride.rb:21:in `call'
  rack (1.4.1) lib/rack/runtime.rb:17:in `call'
  activesupport (3.2.7) lib/active_support/cache/strategy/local_cache.rb:72:in `call'
  rack (1.4.1) lib/rack/lock.rb:15:in `call'
  actionpack (3.2.7) lib/action_dispatch/middleware/static.rb:62:in `call'
  railties (3.2.7) lib/rails/engine.rb:479:in `call'
  railties (3.2.7) lib/rails/application.rb:220:in `call'
  rack (1.4.1) lib/rack/content_length.rb:14:in `call'
  railties (3.2.7) lib/rails/rack/log_tailer.rb:17:in `call'
  rack (1.4.1) lib/rack/handler/webrick.rb:59:in `service'
  /Users/hm/.rbenv/versions/1.9.3-p194/lib/ruby/1.9.1/webrick/httpserver.rb:138:in `service'
  /Users/hm/.rbenv/versions/1.9.3-p194/lib/ruby/1.9.1/webrick/httpserver.rb:94:in `run'
  /Users/hm/.rbenv/versions/1.9.3-p194/lib/ruby/1.9.1/webrick/server.rb:191:in `block in start_thread'


  Rendered /Users/hm/.rbenv/versions/1.9.3-p194/lib/ruby/gems/1.9.1/gems/actionpack-3.2.7/lib/action_dispatch/middleware/templates/rescues/_trace.erb (3.1ms)
  Rendered /Users/hm/.rbenv/versions/1.9.3-p194/lib/ruby/gems/1.9.1/gems/actionpack-3.2.7/lib/action_dispatch/middleware/templates/rescues/_request_and_response.erb (1.0ms)
  Rendered /Users/hm/.rbenv/versions/1.9.3-p194/lib/ruby/gems/1.9.1/gems/actionpack-3.2.7/lib/action_dispatch/middleware/templates/rescues/diagnostics.erb within rescues/layout (12.6ms)


Started GET "/shops/1" for 127.0.0.1 at 2012-09-18 20:37:32 +0900
Processing by ShopsController#show as HTML
  Parameters: {"id"=>"1"}
  [1m[35mShop Load (0.2ms)[0m  SELECT "shops".* FROM "shops" WHERE "shops"."id" = ? LIMIT 1  [["id", "1"]]
  Rendered shops/show.html.erb within layouts/application (1.4ms)
Completed 200 OK in 9ms (Views: 7.1ms | ActiveRecord: 0.7ms)


Started GET "/assets/application.css?body=1" for 127.0.0.1 at 2012-09-18 20:37:32 +0900
Served asset /application.css - 304 Not Modified (0ms)


Started GET "/assets/jquery.js?body=1" for 127.0.0.1 at 2012-09-18 20:37:32 +0900
Served asset /jquery.js - 304 Not Modified (0ms)


Started GET "/assets/menus.css?body=1" for 127.0.0.1 at 2012-09-18 20:37:32 +0900
Served asset /menus.css - 304 Not Modified (0ms)


Started GET "/assets/shops.css?body=1" for 127.0.0.1 at 2012-09-18 20:37:32 +0900
Served asset /shops.css - 304 Not Modified (0ms)


Started GET "/assets/scaffolds.css?body=1" for 127.0.0.1 at 2012-09-18 20:37:32 +0900
Served asset /scaffolds.css - 304 Not Modified (0ms)


Started GET "/assets/jquery_ujs.js?body=1" for 127.0.0.1 at 2012-09-18 20:37:32 +0900
Served asset /jquery_ujs.js - 304 Not Modified (0ms)


Started GET "/assets/menus.js?body=1" for 127.0.0.1 at 2012-09-18 20:37:32 +0900
Served asset /menus.js - 304 Not Modified (0ms)


Started GET "/assets/shops.js?body=1" for 127.0.0.1 at 2012-09-18 20:37:32 +0900
Served asset /shops.js - 304 Not Modified (0ms)


Started GET "/assets/application.js?body=1" for 127.0.0.1 at 2012-09-18 20:37:32 +0900
Served asset /application.js - 304 Not Modified (0ms)


Started GET "/shops/1/menus/new" for 127.0.0.1 at 2012-09-18 20:37:35 +0900

SyntaxError (/Applications/MAMP/htdocs/maman/app/controllers/menus_controller.rb:65: invalid multibyte char (US-ASCII)
/Applications/MAMP/htdocs/maman/app/controllers/menus_controller.rb:65: invalid multibyte char (US-ASCII)
/Applications/MAMP/htdocs/maman/app/controllers/menus_controller.rb:65: syntax error, unexpected $end, expecting keyword_end
    redirect_to @menu, notice: "ãƒ¡ãƒ‹ãƒ¥ãƒ¼ä½œæˆå®Œäº†"
                                  ^):
  activesupport (3.2.7) lib/active_support/dependencies.rb:469:in `load'
  activesupport (3.2.7) lib/active_support/dependencies.rb:469:in `block in load_file'
  activesupport (3.2.7) lib/active_support/dependencies.rb:639:in `new_constants_in'
  activesupport (3.2.7) lib/active_support/dependencies.rb:468:in `load_file'
  activesupport (3.2.7) lib/active_support/dependencies.rb:353:in `require_or_load'
  activesupport (3.2.7) lib/active_support/dependencies.rb:502:in `load_missing_constant'
  activesupport (3.2.7) lib/active_support/dependencies.rb:192:in `block in const_missing'
  activesupport (3.2.7) lib/active_support/dependencies.rb:190:in `each'
  activesupport (3.2.7) lib/active_support/dependencies.rb:190:in `const_missing'
  activesupport (3.2.7) lib/active_support/inflector/methods.rb:230:in `block in constantize'
  activesupport (3.2.7) lib/active_support/inflector/methods.rb:229:in `each'
  activesupport (3.2.7) lib/active_support/inflector/methods.rb:229:in `constantize'
  activesupport (3.2.7) lib/active_support/dependencies.rb:554:in `get'
  actionpack (3.2.7) lib/action_dispatch/routing/route_set.rb:69:in `controller_reference'
  actionpack (3.2.7) lib/action_dispatch/routing/route_set.rb:54:in `controller'
  actionpack (3.2.7) lib/action_dispatch/routing/route_set.rb:32:in `call'
  journey (1.0.4) lib/journey/router.rb:68:in `block in call'
  journey (1.0.4) lib/journey/router.rb:56:in `each'
  journey (1.0.4) lib/journey/router.rb:56:in `call'
  actionpack (3.2.7) lib/action_dispatch/routing/route_set.rb:600:in `call'
  actionpack (3.2.7) lib/action_dispatch/middleware/best_standards_support.rb:17:in `call'
  rack (1.4.1) lib/rack/etag.rb:23:in `call'
  rack (1.4.1) lib/rack/conditionalget.rb:25:in `call'
  actionpack (3.2.7) lib/action_dispatch/middleware/head.rb:14:in `call'
  actionpack (3.2.7) lib/action_dispatch/middleware/params_parser.rb:21:in `call'
  actionpack (3.2.7) lib/action_dispatch/middleware/flash.rb:242:in `call'
  rack (1.4.1) lib/rack/session/abstract/id.rb:205:in `context'
  rack (1.4.1) lib/rack/session/abstract/id.rb:200:in `call'
  actionpack (3.2.7) lib/action_dispatch/middleware/cookies.rb:338:in `call'
  activerecord (3.2.7) lib/active_record/query_cache.rb:64:in `call'
  activerecord (3.2.7) lib/active_record/connection_adapters/abstract/connection_pool.rb:473:in `call'
  actionpack (3.2.7) lib/action_dispatch/middleware/callbacks.rb:28:in `block in call'
  activesupport (3.2.7) lib/active_support/callbacks.rb:405:in `_run__2607987829361390186__call__2001446717702293632__callbacks'
  activesupport (3.2.7) lib/active_support/callbacks.rb:405:in `__run_callback'
  activesupport (3.2.7) lib/active_support/callbacks.rb:385:in `_run_call_callbacks'
  activesupport (3.2.7) lib/active_support/callbacks.rb:81:in `run_callbacks'
  actionpack (3.2.7) lib/action_dispatch/middleware/callbacks.rb:27:in `call'
  actionpack (3.2.7) lib/action_dispatch/middleware/reloader.rb:65:in `call'
  actionpack (3.2.7) lib/action_dispatch/middleware/remote_ip.rb:31:in `call'
  actionpack (3.2.7) lib/action_dispatch/middleware/debug_exceptions.rb:16:in `call'
  actionpack (3.2.7) lib/action_dispatch/middleware/show_exceptions.rb:56:in `call'
  railties (3.2.7) lib/rails/rack/logger.rb:26:in `call_app'
  railties (3.2.7) lib/rails/rack/logger.rb:16:in `call'
  actionpack (3.2.7) lib/action_dispatch/middleware/request_id.rb:22:in `call'
  rack (1.4.1) lib/rack/methodoverride.rb:21:in `call'
  rack (1.4.1) lib/rack/runtime.rb:17:in `call'
  activesupport (3.2.7) lib/active_support/cache/strategy/local_cache.rb:72:in `call'
  rack (1.4.1) lib/rack/lock.rb:15:in `call'
  actionpack (3.2.7) lib/action_dispatch/middleware/static.rb:62:in `call'
  railties (3.2.7) lib/rails/engine.rb:479:in `call'
  railties (3.2.7) lib/rails/application.rb:220:in `call'
  rack (1.4.1) lib/rack/content_length.rb:14:in `call'
  railties (3.2.7) lib/rails/rack/log_tailer.rb:17:in `call'
  rack (1.4.1) lib/rack/handler/webrick.rb:59:in `service'
  /Users/hm/.rbenv/versions/1.9.3-p194/lib/ruby/1.9.1/webrick/httpserver.rb:138:in `service'
  /Users/hm/.rbenv/versions/1.9.3-p194/lib/ruby/1.9.1/webrick/httpserver.rb:94:in `run'
  /Users/hm/.rbenv/versions/1.9.3-p194/lib/ruby/1.9.1/webrick/server.rb:191:in `block in start_thread'


  Rendered /Users/hm/.rbenv/versions/1.9.3-p194/lib/ruby/gems/1.9.1/gems/actionpack-3.2.7/lib/action_dispatch/middleware/templates/rescues/_trace.erb (2.8ms)
  Rendered /Users/hm/.rbenv/versions/1.9.3-p194/lib/ruby/gems/1.9.1/gems/actionpack-3.2.7/lib/action_dispatch/middleware/templates/rescues/_request_and_response.erb (1.0ms)
  Rendered /Users/hm/.rbenv/versions/1.9.3-p194/lib/ruby/gems/1.9.1/gems/actionpack-3.2.7/lib/action_dispatch/middleware/templates/rescues/diagnostics.erb within rescues/layout (9.9ms)


Started GET "/shops/1/menus/new" for 127.0.0.1 at 2012-09-18 20:39:31 +0900

SyntaxError (/Applications/MAMP/htdocs/maman/app/controllers/menus_controller.rb:65: invalid multibyte char (US-ASCII)
/Applications/MAMP/htdocs/maman/app/controllers/menus_controller.rb:65: invalid multibyte char (US-ASCII)
/Applications/MAMP/htdocs/maman/app/controllers/menus_controller.rb:65: syntax error, unexpected $end, expecting keyword_end
    redirect_to [@shop,@menu], notice: "ãƒ¡ãƒ‹ãƒ¥ãƒ¼ä½œæˆå®Œäº†"
                                          ^):
  activesupport (3.2.7) lib/active_support/dependencies.rb:469:in `load'
  activesupport (3.2.7) lib/active_support/dependencies.rb:469:in `block in load_file'
  activesupport (3.2.7) lib/active_support/dependencies.rb:639:in `new_constants_in'
  activesupport (3.2.7) lib/active_support/dependencies.rb:468:in `load_file'
  activesupport (3.2.7) lib/active_support/dependencies.rb:353:in `require_or_load'
  activesupport (3.2.7) lib/active_support/dependencies.rb:502:in `load_missing_constant'
  activesupport (3.2.7) lib/active_support/dependencies.rb:192:in `block in const_missing'
  activesupport (3.2.7) lib/active_support/dependencies.rb:190:in `each'
  activesupport (3.2.7) lib/active_support/dependencies.rb:190:in `const_missing'
  activesupport (3.2.7) lib/active_support/inflector/methods.rb:230:in `block in constantize'
  activesupport (3.2.7) lib/active_support/inflector/methods.rb:229:in `each'
  activesupport (3.2.7) lib/active_support/inflector/methods.rb:229:in `constantize'
  activesupport (3.2.7) lib/active_support/dependencies.rb:554:in `get'
  actionpack (3.2.7) lib/action_dispatch/routing/route_set.rb:69:in `controller_reference'
  actionpack (3.2.7) lib/action_dispatch/routing/route_set.rb:54:in `controller'
  actionpack (3.2.7) lib/action_dispatch/routing/route_set.rb:32:in `call'
  journey (1.0.4) lib/journey/router.rb:68:in `block in call'
  journey (1.0.4) lib/journey/router.rb:56:in `each'
  journey (1.0.4) lib/journey/router.rb:56:in `call'
  actionpack (3.2.7) lib/action_dispatch/routing/route_set.rb:600:in `call'
  actionpack (3.2.7) lib/action_dispatch/middleware/best_standards_support.rb:17:in `call'
  rack (1.4.1) lib/rack/etag.rb:23:in `call'
  rack (1.4.1) lib/rack/conditionalget.rb:25:in `call'
  actionpack (3.2.7) lib/action_dispatch/middleware/head.rb:14:in `call'
  actionpack (3.2.7) lib/action_dispatch/middleware/params_parser.rb:21:in `call'
  actionpack (3.2.7) lib/action_dispatch/middleware/flash.rb:242:in `call'
  rack (1.4.1) lib/rack/session/abstract/id.rb:205:in `context'
  rack (1.4.1) lib/rack/session/abstract/id.rb:200:in `call'
  actionpack (3.2.7) lib/action_dispatch/middleware/cookies.rb:338:in `call'
  activerecord (3.2.7) lib/active_record/query_cache.rb:64:in `call'
  activerecord (3.2.7) lib/active_record/connection_adapters/abstract/connection_pool.rb:473:in `call'
  actionpack (3.2.7) lib/action_dispatch/middleware/callbacks.rb:28:in `block in call'
  activesupport (3.2.7) lib/active_support/callbacks.rb:405:in `_run__2607987829361390186__call__2001446717702293632__callbacks'
  activesupport (3.2.7) lib/active_support/callbacks.rb:405:in `__run_callback'
  activesupport (3.2.7) lib/active_support/callbacks.rb:385:in `_run_call_callbacks'
  activesupport (3.2.7) lib/active_support/callbacks.rb:81:in `run_callbacks'
  actionpack (3.2.7) lib/action_dispatch/middleware/callbacks.rb:27:in `call'
  actionpack (3.2.7) lib/action_dispatch/middleware/reloader.rb:65:in `call'
  actionpack (3.2.7) lib/action_dispatch/middleware/remote_ip.rb:31:in `call'
  actionpack (3.2.7) lib/action_dispatch/middleware/debug_exceptions.rb:16:in `call'
  actionpack (3.2.7) lib/action_dispatch/middleware/show_exceptions.rb:56:in `call'
  railties (3.2.7) lib/rails/rack/logger.rb:26:in `call_app'
  railties (3.2.7) lib/rails/rack/logger.rb:16:in `call'
  actionpack (3.2.7) lib/action_dispatch/middleware/request_id.rb:22:in `call'
  rack (1.4.1) lib/rack/methodoverride.rb:21:in `call'
  rack (1.4.1) lib/rack/runtime.rb:17:in `call'
  activesupport (3.2.7) lib/active_support/cache/strategy/local_cache.rb:72:in `call'
  rack (1.4.1) lib/rack/lock.rb:15:in `call'
  actionpack (3.2.7) lib/action_dispatch/middleware/static.rb:62:in `call'
  railties (3.2.7) lib/rails/engine.rb:479:in `call'
  railties (3.2.7) lib/rails/application.rb:220:in `call'
  rack (1.4.1) lib/rack/content_length.rb:14:in `call'
  railties (3.2.7) lib/rails/rack/log_tailer.rb:17:in `call'
  rack (1.4.1) lib/rack/handler/webrick.rb:59:in `service'
  /Users/hm/.rbenv/versions/1.9.3-p194/lib/ruby/1.9.1/webrick/httpserver.rb:138:in `service'
  /Users/hm/.rbenv/versions/1.9.3-p194/lib/ruby/1.9.1/webrick/httpserver.rb:94:in `run'
  /Users/hm/.rbenv/versions/1.9.3-p194/lib/ruby/1.9.1/webrick/server.rb:191:in `block in start_thread'


  Rendered /Users/hm/.rbenv/versions/1.9.3-p194/lib/ruby/gems/1.9.1/gems/actionpack-3.2.7/lib/action_dispatch/middleware/templates/rescues/_trace.erb (2.5ms)
  Rendered /Users/hm/.rbenv/versions/1.9.3-p194/lib/ruby/gems/1.9.1/gems/actionpack-3.2.7/lib/action_dispatch/middleware/templates/rescues/_request_and_response.erb (1.0ms)
  Rendered /Users/hm/.rbenv/versions/1.9.3-p194/lib/ruby/gems/1.9.1/gems/actionpack-3.2.7/lib/action_dispatch/middleware/templates/rescues/diagnostics.erb within rescues/layout (10.1ms)


Started POST "/shops" for 127.0.0.1 at 2012-09-18 20:47:08 +0900
Connecting to database specified by database.yml
Processing by ShopsController#create as HTML
  Parameters: {"utf8"=>"âœ“", "authenticity_token"=>"WnlAp/vjPWfjmTdl1o659GkIQRbCNg9YGI/g8lyktr4=", "shop"=>{"name"=>"test"}, "commit"=>"Create Shop"}
  [1m[36m (0.0ms)[0m  [1mbegin transaction[0m
  [1m[35mSQL (3.8ms)[0m  INSERT INTO "shops" ("created_at", "name", "updated_at") VALUES (?, ?, ?)  [["created_at", Tue, 18 Sep 2012 11:47:09 UTC +00:00], ["name", "test"], ["updated_at", Tue, 18 Sep 2012 11:47:09 UTC +00:00]]
  [1m[36m (2.5ms)[0m  [1mcommit transaction[0m
Redirected to http://localhost:3000/shops/2
Completed 302 Found in 50ms (ActiveRecord: 7.8ms)


Started GET "/shops/2" for 127.0.0.1 at 2012-09-18 20:47:09 +0900
Processing by ShopsController#show as HTML
  Parameters: {"id"=>"2"}
  [1m[35mShop Load (0.3ms)[0m  SELECT "shops".* FROM "shops" WHERE "shops"."id" = ? LIMIT 1  [["id", "2"]]
  Rendered shops/show.html.erb within layouts/application (4.2ms)
Completed 200 OK in 67ms (Views: 64.2ms | ActiveRecord: 0.3ms)


Started GET "/assets/application.css?body=1" for 127.0.0.1 at 2012-09-18 20:47:09 +0900
Served asset /application.css - 304 Not Modified (6ms)


Started GET "/assets/menus.css?body=1" for 127.0.0.1 at 2012-09-18 20:47:09 +0900
Served asset /menus.css - 304 Not Modified (9ms)


Started GET "/assets/shops.css?body=1" for 127.0.0.1 at 2012-09-18 20:47:09 +0900
Served asset /shops.css - 304 Not Modified (1ms)


Started GET "/assets/scaffolds.css?body=1" for 127.0.0.1 at 2012-09-18 20:47:09 +0900
Served asset /scaffolds.css - 304 Not Modified (2ms)


Started GET "/assets/jquery.js?body=1" for 127.0.0.1 at 2012-09-18 20:47:09 +0900
Served asset /jquery.js - 304 Not Modified (7ms)


Started GET "/assets/jquery_ujs.js?body=1" for 127.0.0.1 at 2012-09-18 20:47:09 +0900
Served asset /jquery_ujs.js - 304 Not Modified (3ms)


Started GET "/assets/menus.js?body=1" for 127.0.0.1 at 2012-09-18 20:47:09 +0900
Served asset /menus.js - 304 Not Modified (2ms)


Started GET "/assets/shops.js?body=1" for 127.0.0.1 at 2012-09-18 20:47:09 +0900
Served asset /shops.js - 304 Not Modified (1ms)


Started GET "/assets/application.js?body=1" for 127.0.0.1 at 2012-09-18 20:47:09 +0900
Served asset /application.js - 304 Not Modified (5ms)


Started GET "/shops/2/menus/new" for 127.0.0.1 at 2012-09-18 20:47:12 +0900

SyntaxError (/Applications/MAMP/htdocs/maman/app/controllers/menus_controller.rb:42: invalid multibyte char (US-ASCII)
/Applications/MAMP/htdocs/maman/app/controllers/menus_controller.rb:42: invalid multibyte char (US-ASCII)
/Applications/MAMP/htdocs/maman/app/controllers/menus_controller.rb:42: syntax error, unexpected $end, expecting keyword_end
    redirect_to @menu, notice: "ãƒ¡ãƒ‹ãƒ¥ãƒ¼ä½œæˆå®Œäº†"
                                  ^):
  activesupport (3.2.7) lib/active_support/dependencies.rb:469:in `load'
  activesupport (3.2.7) lib/active_support/dependencies.rb:469:in `block in load_file'
  activesupport (3.2.7) lib/active_support/dependencies.rb:639:in `new_constants_in'
  activesupport (3.2.7) lib/active_support/dependencies.rb:468:in `load_file'
  activesupport (3.2.7) lib/active_support/dependencies.rb:353:in `require_or_load'
  activesupport (3.2.7) lib/active_support/dependencies.rb:502:in `load_missing_constant'
  activesupport (3.2.7) lib/active_support/dependencies.rb:192:in `block in const_missing'
  activesupport (3.2.7) lib/active_support/dependencies.rb:190:in `each'
  activesupport (3.2.7) lib/active_support/dependencies.rb:190:in `const_missing'
  activesupport (3.2.7) lib/active_support/inflector/methods.rb:230:in `block in constantize'
  activesupport (3.2.7) lib/active_support/inflector/methods.rb:229:in `each'
  activesupport (3.2.7) lib/active_support/inflector/methods.rb:229:in `constantize'
  activesupport (3.2.7) lib/active_support/dependencies.rb:554:in `get'
  actionpack (3.2.7) lib/action_dispatch/routing/route_set.rb:69:in `controller_reference'
  actionpack (3.2.7) lib/action_dispatch/routing/route_set.rb:54:in `controller'
  actionpack (3.2.7) lib/action_dispatch/routing/route_set.rb:32:in `call'
  journey (1.0.4) lib/journey/router.rb:68:in `block in call'
  journey (1.0.4) lib/journey/router.rb:56:in `each'
  journey (1.0.4) lib/journey/router.rb:56:in `call'
  actionpack (3.2.7) lib/action_dispatch/routing/route_set.rb:600:in `call'
  actionpack (3.2.7) lib/action_dispatch/middleware/best_standards_support.rb:17:in `call'
  rack (1.4.1) lib/rack/etag.rb:23:in `call'
  rack (1.4.1) lib/rack/conditionalget.rb:25:in `call'
  actionpack (3.2.7) lib/action_dispatch/middleware/head.rb:14:in `call'
  actionpack (3.2.7) lib/action_dispatch/middleware/params_parser.rb:21:in `call'
  actionpack (3.2.7) lib/action_dispatch/middleware/flash.rb:242:in `call'
  rack (1.4.1) lib/rack/session/abstract/id.rb:205:in `context'
  rack (1.4.1) lib/rack/session/abstract/id.rb:200:in `call'
  actionpack (3.2.7) lib/action_dispatch/middleware/cookies.rb:338:in `call'
  activerecord (3.2.7) lib/active_record/query_cache.rb:64:in `call'
  activerecord (3.2.7) lib/active_record/connection_adapters/abstract/connection_pool.rb:473:in `call'
  actionpack (3.2.7) lib/action_dispatch/middleware/callbacks.rb:28:in `block in call'
  activesupport (3.2.7) lib/active_support/callbacks.rb:405:in `_run__2187933660591031782__call__117601961547078365__callbacks'
  activesupport (3.2.7) lib/active_support/callbacks.rb:405:in `__run_callback'
  activesupport (3.2.7) lib/active_support/callbacks.rb:385:in `_run_call_callbacks'
  activesupport (3.2.7) lib/active_support/callbacks.rb:81:in `run_callbacks'
  actionpack (3.2.7) lib/action_dispatch/middleware/callbacks.rb:27:in `call'
  actionpack (3.2.7) lib/action_dispatch/middleware/reloader.rb:65:in `call'
  actionpack (3.2.7) lib/action_dispatch/middleware/remote_ip.rb:31:in `call'
  actionpack (3.2.7) lib/action_dispatch/middleware/debug_exceptions.rb:16:in `call'
  actionpack (3.2.7) lib/action_dispatch/middleware/show_exceptions.rb:56:in `call'
  railties (3.2.7) lib/rails/rack/logger.rb:26:in `call_app'
  railties (3.2.7) lib/rails/rack/logger.rb:16:in `call'
  actionpack (3.2.7) lib/action_dispatch/middleware/request_id.rb:22:in `call'
  rack (1.4.1) lib/rack/methodoverride.rb:21:in `call'
  rack (1.4.1) lib/rack/runtime.rb:17:in `call'
  activesupport (3.2.7) lib/active_support/cache/strategy/local_cache.rb:72:in `call'
  rack (1.4.1) lib/rack/lock.rb:15:in `call'
  actionpack (3.2.7) lib/action_dispatch/middleware/static.rb:62:in `call'
  railties (3.2.7) lib/rails/engine.rb:479:in `call'
  railties (3.2.7) lib/rails/application.rb:220:in `call'
  rack (1.4.1) lib/rack/content_length.rb:14:in `call'
  railties (3.2.7) lib/rails/rack/log_tailer.rb:17:in `call'
  rack (1.4.1) lib/rack/handler/webrick.rb:59:in `service'
  /Users/hm/.rbenv/versions/1.9.3-p194/lib/ruby/1.9.1/webrick/httpserver.rb:138:in `service'
  /Users/hm/.rbenv/versions/1.9.3-p194/lib/ruby/1.9.1/webrick/httpserver.rb:94:in `run'
  /Users/hm/.rbenv/versions/1.9.3-p194/lib/ruby/1.9.1/webrick/server.rb:191:in `block in start_thread'


  Rendered /Users/hm/.rbenv/versions/1.9.3-p194/lib/ruby/gems/1.9.1/gems/actionpack-3.2.7/lib/action_dispatch/middleware/templates/rescues/_trace.erb (2.3ms)
  Rendered /Users/hm/.rbenv/versions/1.9.3-p194/lib/ruby/gems/1.9.1/gems/actionpack-3.2.7/lib/action_dispatch/middleware/templates/rescues/_request_and_response.erb (0.9ms)
  Rendered /Users/hm/.rbenv/versions/1.9.3-p194/lib/ruby/gems/1.9.1/gems/actionpack-3.2.7/lib/action_dispatch/middleware/templates/rescues/diagnostics.erb within rescues/layout (9.3ms)


Started GET "/shops/2/menus/new" for 127.0.0.1 at 2012-09-18 20:51:53 +0900
Processing by MenusController#new as HTML
  Parameters: {"shop_id"=>"2"}
  [1m[36mShop Load (0.1ms)[0m  [1mSELECT "shops".* FROM "shops" WHERE "shops"."id" = ? LIMIT 1[0m  [["id", "2"]]
Completed 500 Internal Server Error in 15ms

ActiveModel::MassAssignmentSecurity::Error (Can't mass-assign protected attributes: shop):
  app/controllers/menus_controller.rb:30:in `new'
  app/controllers/menus_controller.rb:30:in `new'


  Rendered /Users/hm/.rbenv/versions/1.9.3-p194/lib/ruby/gems/1.9.1/gems/actionpack-3.2.7/lib/action_dispatch/middleware/templates/rescues/_trace.erb (2.7ms)
  Rendered /Users/hm/.rbenv/versions/1.9.3-p194/lib/ruby/gems/1.9.1/gems/actionpack-3.2.7/lib/action_dispatch/middleware/templates/rescues/_request_and_response.erb (1.0ms)
  Rendered /Users/hm/.rbenv/versions/1.9.3-p194/lib/ruby/gems/1.9.1/gems/actionpack-3.2.7/lib/action_dispatch/middleware/templates/rescues/diagnostics.erb within rescues/layout (9.5ms)


Started GET "/shops" for 127.0.0.1 at 2012-09-18 21:29:35 +0900
Connecting to database specified by database.yml
Processing by ShopsController#index as HTML
  [1m[36mShop Load (0.2ms)[0m  [1mSELECT "shops".* FROM "shops" [0m
  Rendered shops/index.html.erb within layouts/application (5.3ms)
Completed 200 OK in 91ms (Views: 40.6ms | ActiveRecord: 3.2ms)


Started GET "/assets/shops.css?body=1" for 127.0.0.1 at 2012-09-18 21:29:35 +0900
Served asset /shops.css - 304 Not Modified (4ms)


Started GET "/assets/menus.css?body=1" for 127.0.0.1 at 2012-09-18 21:29:35 +0900
Served asset /menus.css - 304 Not Modified (1ms)


Started GET "/assets/scaffolds.css?body=1" for 127.0.0.1 at 2012-09-18 21:29:35 +0900
Served asset /scaffolds.css - 304 Not Modified (4ms)


Started GET "/assets/application.css?body=1" for 127.0.0.1 at 2012-09-18 21:29:35 +0900
Served asset /application.css - 304 Not Modified (4ms)


Started GET "/assets/jquery.js?body=1" for 127.0.0.1 at 2012-09-18 21:29:35 +0900
Served asset /jquery.js - 304 Not Modified (6ms)


Started GET "/assets/jquery_ujs.js?body=1" for 127.0.0.1 at 2012-09-18 21:29:35 +0900
Served asset /jquery_ujs.js - 304 Not Modified (3ms)


Started GET "/assets/menus.js?body=1" for 127.0.0.1 at 2012-09-18 21:29:36 +0900
Served asset /menus.js - 304 Not Modified (2ms)


Started GET "/assets/application.js?body=1" for 127.0.0.1 at 2012-09-18 21:29:36 +0900
Served asset /application.js - 304 Not Modified (5ms)


Started GET "/assets/shops.js?body=1" for 127.0.0.1 at 2012-09-18 21:29:36 +0900
Served asset /shops.js - 304 Not Modified (1ms)


Started GET "/shops/1" for 127.0.0.1 at 2012-09-18 21:29:38 +0900
Processing by ShopsController#show as HTML
  Parameters: {"id"=>"1"}
  [1m[35mShop Load (0.3ms)[0m  SELECT "shops".* FROM "shops" WHERE "shops"."id" = ? LIMIT 1  [["id", "1"]]
  Rendered shops/show.html.erb within layouts/application (1.4ms)
Completed 200 OK in 9ms (Views: 6.5ms | ActiveRecord: 0.3ms)


Started GET "/assets/menus.css?body=1" for 127.0.0.1 at 2012-09-18 21:29:38 +0900
Served asset /menus.css - 304 Not Modified (0ms)


Started GET "/assets/scaffolds.css?body=1" for 127.0.0.1 at 2012-09-18 21:29:38 +0900
Served asset /scaffolds.css - 304 Not Modified (0ms)


Started GET "/assets/application.css?body=1" for 127.0.0.1 at 2012-09-18 21:29:38 +0900
Served asset /application.css - 304 Not Modified (0ms)


Started GET "/assets/jquery.js?body=1" for 127.0.0.1 at 2012-09-18 21:29:38 +0900
Served asset /jquery.js - 304 Not Modified (0ms)


Started GET "/assets/shops.css?body=1" for 127.0.0.1 at 2012-09-18 21:29:38 +0900
Served asset /shops.css - 304 Not Modified (0ms)


Started GET "/assets/jquery_ujs.js?body=1" for 127.0.0.1 at 2012-09-18 21:29:38 +0900
Served asset /jquery_ujs.js - 304 Not Modified (0ms)


Started GET "/assets/menus.js?body=1" for 127.0.0.1 at 2012-09-18 21:29:38 +0900
Served asset /menus.js - 304 Not Modified (0ms)


Started GET "/assets/shops.js?body=1" for 127.0.0.1 at 2012-09-18 21:29:38 +0900
Served asset /shops.js - 304 Not Modified (0ms)


Started GET "/assets/application.js?body=1" for 127.0.0.1 at 2012-09-18 21:29:38 +0900
Served asset /application.js - 304 Not Modified (0ms)


Started GET "/shops/1/menus/new" for 127.0.0.1 at 2012-09-18 21:29:40 +0900
Processing by MenusController#new as HTML
  Parameters: {"shop_id"=>"1"}
  [1m[36mShop Load (0.1ms)[0m  [1mSELECT "shops".* FROM "shops" WHERE "shops"."id" = ? LIMIT 1[0m  [["id", "1"]]
Completed 500 Internal Server Error in 2ms

ActiveModel::MassAssignmentSecurity::Error (Can't mass-assign protected attributes: shop):
  app/controllers/menus_controller.rb:30:in `new'
  app/controllers/menus_controller.rb:30:in `new'


  Rendered /Users/hm/.rbenv/versions/1.9.3-p194/lib/ruby/gems/1.9.1/gems/actionpack-3.2.7/lib/action_dispatch/middleware/templates/rescues/_trace.erb (3.0ms)
  Rendered /Users/hm/.rbenv/versions/1.9.3-p194/lib/ruby/gems/1.9.1/gems/actionpack-3.2.7/lib/action_dispatch/middleware/templates/rescues/_request_and_response.erb (1.1ms)
  Rendered /Users/hm/.rbenv/versions/1.9.3-p194/lib/ruby/gems/1.9.1/gems/actionpack-3.2.7/lib/action_dispatch/middleware/templates/rescues/diagnostics.erb within rescues/layout (12.8ms)
